<?xml version="1.0" encoding="UTF-8" ?>
<testsuite failures="0" time="0.002" errors="0" skipped="0" tests="0" name="com.jd.uwp.core.test.om.TestQueryObjectList">
  <properties>
    <property name="java.runtime.name" value="Java(TM) SE Runtime Environment"/>
    <property name="sun.boot.library.path" value="D:\jdk1.7.0_02\jre\bin"/>
    <property name="java.vm.version" value="22.0-b10"/>
    <property name="java.vm.vendor" value="Oracle Corporation"/>
    <property name="java.vendor.url" value="http://java.oracle.com/"/>
    <property name="path.separator" value=";"/>
    <property name="java.vm.name" value="Java HotSpot(TM) Client VM"/>
    <property name="file.encoding.pkg" value="sun.io"/>
    <property name="user.script" value=""/>
    <property name="user.country" value="CN"/>
    <property name="sun.java.launcher" value="SUN_STANDARD"/>
    <property name="sun.os.patch.level" value="Service Pack 1"/>
    <property name="java.vm.specification.name" value="Java Virtual Machine Specification"/>
    <property name="user.dir" value="D:\UWPPlateForm\UWPWeb\uwp_core"/>
    <property name="java.runtime.version" value="1.7.0_02-b13"/>
    <property name="java.awt.graphicsenv" value="sun.awt.Win32GraphicsEnvironment"/>
    <property name="basedir" value="D:\UWPPlateForm\UWPWeb\uwp_core"/>
    <property name="java.endorsed.dirs" value="D:\jdk1.7.0_02\jre\lib\endorsed"/>
    <property name="os.arch" value="x86"/>
    <property name="surefire.real.class.path" value="D:\UWPPlateForm\UWPWeb\uwp_core\target\surefire\surefirebooter35665053155476764.jar"/>
    <property name="java.io.tmpdir" value="C:\Users\ADMINI~1.JDJ\AppData\Local\Temp\"/>
    <property name="line.separator" value="
"/>
    <property name="java.vm.specification.vendor" value="Oracle Corporation"/>
    <property name="user.variant" value=""/>
    <property name="os.name" value="Windows 7"/>
    <property name="sun.jnu.encoding" value="GBK"/>
    <property name="java.library.path" value="D:\jdk1.7.0_02\jre\bin;C:\windows\Sun\Java\bin;C:\windows\system32;C:\windows;C:\Program Files (x86)\JetBrains\IntelliJ IDEA 12.1.3\bin\..\.\bin;C:\windows\system32;C:\windows;C:\windows\System32\Wbem;C:\windows\System32\WindowsPowerShell\v1.0\;C:\Program Files\TortoiseSVN\bin;D:\jdk1.7.0_02\bin;D:\jdk1.7.0_02\jre\bin;;c:\program files (x86)\jetbrains\intellij idea 12.1.3\jre\jre\bin;."/>
    <property name="surefire.test.class.path" value="D:\UWPPlateForm\UWPWeb\uwp_core\target\test-classes;D:\UWPPlateForm\UWPWeb\uwp_core\target\classes;C:\Users\Administrator\.m2\repository\dom4j\dom4j\1.6.1\dom4j-1.6.1.jar;C:\Users\Administrator\.m2\repository\javax\servlet\javax.servlet-api\3.0.1\javax.servlet-api-3.0.1.jar;C:\Users\Administrator\.m2\repository\gson\gson\2.2.4\gson-2.2.4.jar;C:\Users\Administrator\.m2\repository\log4j\log4j\1.2.17\log4j-1.2.17.jar;C:\Users\Administrator\.m2\repository\proxool\proxool\0.9.1\proxool-0.9.1.jar;C:\Users\Administrator\.m2\repository\proxool-cglib\proxool-cglib\0.9.1\proxool-cglib-0.9.1.jar;C:\Users\Administrator\.m2\repository\commons-beanutils\commons-beanutils\1.9.2\commons-beanutils-1.9.2.jar;C:\Users\Administrator\.m2\repository\commons-logging\commons-logging\1.1.1\commons-logging-1.1.1.jar;C:\Users\Administrator\.m2\repository\commons-collections\commons-collections\3.2.1\commons-collections-3.2.1.jar;C:\Users\Administrator\.m2\repository\mysql\mysql-connector-java\5.1.8\mysql-connector-java-5.1.8.jar;"/>
    <property name="java.specification.name" value="Java Platform API Specification"/>
    <property name="java.class.version" value="51.0"/>
    <property name="sun.management.compiler" value="HotSpot Client Compiler"/>
    <property name="os.version" value="6.1"/>
    <property name="user.home" value="C:\Users\Administrator.JDJD-V3R4ET9T1S"/>
    <property name="user.timezone" value=""/>
    <property name="java.awt.printerjob" value="sun.awt.windows.WPrinterJob"/>
    <property name="java.specification.version" value="1.7"/>
    <property name="file.encoding" value="GBK"/>
    <property name="user.name" value="xushiheng"/>
    <property name="java.class.path" value="D:\UWPPlateForm\UWPWeb\uwp_core\target\test-classes;D:\UWPPlateForm\UWPWeb\uwp_core\target\classes;C:\Users\Administrator\.m2\repository\dom4j\dom4j\1.6.1\dom4j-1.6.1.jar;C:\Users\Administrator\.m2\repository\javax\servlet\javax.servlet-api\3.0.1\javax.servlet-api-3.0.1.jar;C:\Users\Administrator\.m2\repository\gson\gson\2.2.4\gson-2.2.4.jar;C:\Users\Administrator\.m2\repository\log4j\log4j\1.2.17\log4j-1.2.17.jar;C:\Users\Administrator\.m2\repository\proxool\proxool\0.9.1\proxool-0.9.1.jar;C:\Users\Administrator\.m2\repository\proxool-cglib\proxool-cglib\0.9.1\proxool-cglib-0.9.1.jar;C:\Users\Administrator\.m2\repository\commons-beanutils\commons-beanutils\1.9.2\commons-beanutils-1.9.2.jar;C:\Users\Administrator\.m2\repository\commons-logging\commons-logging\1.1.1\commons-logging-1.1.1.jar;C:\Users\Administrator\.m2\repository\commons-collections\commons-collections\3.2.1\commons-collections-3.2.1.jar;C:\Users\Administrator\.m2\repository\mysql\mysql-connector-java\5.1.8\mysql-connector-java-5.1.8.jar;"/>
    <property name="java.vm.specification.version" value="1.7"/>
    <property name="sun.arch.data.model" value="32"/>
    <property name="java.home" value="D:\jdk1.7.0_02\jre"/>
    <property name="sun.java.command" value="D:\UWPPlateForm\UWPWeb\uwp_core\target\surefire\surefirebooter35665053155476764.jar D:\UWPPlateForm\UWPWeb\uwp_core\target\surefire\surefire468785447191112863tmp D:\UWPPlateForm\UWPWeb\uwp_core\target\surefire\surefire7102573312380004052tmp"/>
    <property name="java.specification.vendor" value="Oracle Corporation"/>
    <property name="user.language" value="zh"/>
    <property name="awt.toolkit" value="sun.awt.windows.WToolkit"/>
    <property name="java.vm.info" value="mixed mode"/>
    <property name="java.version" value="1.7.0_02"/>
    <property name="java.ext.dirs" value="D:\jdk1.7.0_02\jre\lib\ext;C:\windows\Sun\Java\lib\ext"/>
    <property name="sun.boot.class.path" value="D:\jdk1.7.0_02\jre\lib\resources.jar;D:\jdk1.7.0_02\jre\lib\rt.jar;D:\jdk1.7.0_02\jre\lib\sunrsasign.jar;D:\jdk1.7.0_02\jre\lib\jsse.jar;D:\jdk1.7.0_02\jre\lib\jce.jar;D:\jdk1.7.0_02\jre\lib\charsets.jar;D:\jdk1.7.0_02\jre\classes"/>
    <property name="java.vendor" value="Oracle Corporation"/>
    <property name="localRepository" value="C:\Users\Administrator\.m2\repository"/>
    <property name="file.separator" value="\"/>
    <property name="java.vendor.url.bug" value="http://bugreport.sun.com/bugreport/"/>
    <property name="sun.cpu.endian" value="little"/>
    <property name="sun.io.unicode.encoding" value="UnicodeLittle"/>
    <property name="sun.desktop" value="windows"/>
    <property name="sun.cpu.isalist" value="pentium_pro+mmx pentium_pro pentium+mmx pentium i486 i386 i86"/>
  </properties>
</testsuite>